2025-02-08 15:14:34,047 - INFO - \U0001f680 Starting ETL Pipeline...
2025-02-08 15:14:34,047 - INFO - \U0001f50d Extracting data from PropertyRecords.json...
2025-02-08 15:14:34,047 - ERROR - \u274c Extraction failed: \U0001f6a8 JSON file not found: data/PropertyRecords.json
2025-02-08 15:14:34,048 - INFO - Starting data transformation...
2025-02-08 15:19:34,859 - INFO - \U0001f680 Starting ETL Pipeline...
2025-02-08 15:19:34,859 - INFO - \U0001f50d Extracting data from PropertyRecords.json...
2025-02-08 15:19:34,860 - ERROR - \u274c Extraction failed: \U0001f6a8 JSON file not found: data/PropertyRecords.json
2025-02-08 15:19:34,873 - ERROR - \u274c No property data extracted! Exiting ETL process.
2025-02-08 15:25:37,450 - INFO - \U0001f680 Starting ETL Pipeline...
2025-02-08 15:25:37,450 - INFO - \U0001f50d Extracting data from PropertyRecords.json...
2025-02-08 15:25:37,450 - ERROR - \u274c Extraction failed: \U0001f6a8 JSON file not found: data/PropertyRecords.json
2025-02-08 15:25:37,452 - ERROR - \u274c No property data extracted! Exiting ETL process.
2025-02-08 15:26:34,359 - INFO - \U0001f680 Starting ETL Pipeline...
2025-02-08 15:26:34,359 - INFO - \U0001f50d Extracting data from PropertyRecords.json...
2025-02-08 15:26:34,379 - INFO - \u2705 Successfully extracted 500 records from PropertyRecords.json
2025-02-08 15:26:34,380 - INFO - \U0001f504 Transforming data...
2025-02-08 15:26:34,383 - ERROR - \u274c Transformation failed: "['price'] not in index"
2025-02-08 15:26:34,384 - INFO - \u2705 ETL Pipeline Completed!
2025-02-08 15:29:26,092 - INFO - \U0001f680 Starting ETL Pipeline...
2025-02-08 15:29:26,092 - INFO - \U0001f50d Extracting data from PropertyRecords.json...
2025-02-08 15:29:26,099 - INFO - \u2705 Successfully extracted 500 records from PropertyRecords.json
2025-02-08 15:29:26,099 - INFO - \U0001f504 Transforming data...
2025-02-08 15:29:26,120 - INFO - \u2705 Transformation successful!
2025-02-08 15:29:26,120 - INFO - \U0001f4e4 Loading data into fact_table...
2025-02-08 15:29:26,182 - ERROR - \u274c Failed to load data into fact_table: relation "fact_table" does not exist
LINE 1: INSERT INTO fact_table VALUES ('46-Patton-Dr,-Newport-News,-...
                    ^

2025-02-08 15:29:26,182 - INFO - \U0001f4e4 Loading data into location_table...
2025-02-08 15:29:26,223 - ERROR - \u274c Failed to load data into location_table: relation "location_table" does not exist
LINE 1: INSERT INTO location_table VALUES ('46-Patton-Dr,-Newport-Ne...
                    ^

2025-02-08 15:29:26,224 - INFO - \u2705 ETL Pipeline Completed!
2025-02-08 15:33:54,630 - INFO - \U0001f680 Starting ETL Pipeline...
2025-02-08 15:33:54,630 - INFO - \U0001f50d Extracting data from PropertyRecords.json...
2025-02-08 15:33:54,637 - INFO - \u2705 Successfully extracted 500 records from PropertyRecords.json
2025-02-08 15:33:54,637 - INFO - \U0001f504 Transforming data...
2025-02-08 15:33:54,647 - INFO - \u2705 Transformation successful!
2025-02-08 15:33:54,647 - INFO - \U0001f4e4 Loading data into fact_table...
2025-02-08 15:33:54,681 - ERROR - \u274c Failed to load data into fact_table: relation "fact_table" does not exist
LINE 1: INSERT INTO fact_table VALUES ('46-Patton-Dr,-Newport-News,-...
                    ^

2025-02-08 15:33:54,682 - INFO - \U0001f4e4 Loading data into location_table...
2025-02-08 15:33:54,711 - ERROR - \u274c Failed to load data into location_table: relation "location_table" does not exist
LINE 1: INSERT INTO location_table VALUES ('46-Patton-Dr,-Newport-Ne...
                    ^

2025-02-08 15:33:54,711 - INFO - \u2705 ETL Pipeline Completed!
2025-02-08 15:42:26,749 - INFO - \U0001f680 Starting ETL Pipeline...
2025-02-08 15:42:26,749 - INFO - \U0001f50d Extracting data from PropertyRecords.json...
2025-02-08 15:42:26,760 - INFO - \u2705 Successfully extracted 500 records from PropertyRecords.json
2025-02-08 15:42:26,760 - INFO - \U0001f504 Transforming data...
2025-02-08 15:42:26,768 - INFO - \u2705 Transformation successful!
2025-02-08 15:42:26,768 - INFO - \U0001f4e4 Loading data into fact_table...
2025-02-08 15:42:27,018 - INFO - \u2705 Database tables ensured to exist.
2025-02-08 15:42:27,095 - INFO - \u2705 Data successfully loaded into fact_table!
2025-02-08 15:42:27,095 - INFO - \U0001f4e4 Loading data into location_table...
2025-02-08 15:42:27,150 - INFO - \u2705 Database tables ensured to exist.
2025-02-08 15:42:27,286 - INFO - \u2705 Data successfully loaded into location_table!
2025-02-08 15:42:27,286 - INFO - \u2705 ETL Pipeline Completed!
2025-02-08 15:44:03,529 - INFO - \U0001f680 Starting ETL Pipeline...
2025-02-08 15:44:03,530 - INFO - \U0001f50d Extracting data from PropertyRecords.json...
2025-02-08 15:44:03,537 - INFO - \u2705 Successfully extracted 500 records from PropertyRecords.json
2025-02-08 15:44:03,537 - INFO - \U0001f504 Transforming data...
2025-02-08 15:44:03,544 - INFO - \u2705 Transformation successful!
2025-02-08 15:44:03,544 - INFO - \U0001f4e4 Loading data into fact_table...
2025-02-08 15:44:03,603 - INFO - \u2705 Database tables ensured to exist.
2025-02-08 15:44:03,669 - INFO - \u2705 Data successfully loaded into fact_table!
2025-02-08 15:44:03,669 - INFO - \U0001f4e4 Loading data into location_table...
2025-02-08 15:44:03,723 - INFO - \u2705 Database tables ensured to exist.
2025-02-08 15:44:03,845 - INFO - \u2705 Data successfully loaded into location_table!
2025-02-08 15:44:03,845 - INFO - \u2705 ETL Pipeline Completed!
2025-02-09 16:01:26,222 - INFO - \U0001f680 Starting ETL Pipeline...
2025-02-09 16:01:26,222 - INFO - \U0001f50d Extracting data from data/PropertyRecords.json...
2025-02-09 16:01:26,227 - INFO - \u2705 Successfully extracted 1000 records.
2025-02-09 16:01:26,227 - INFO - \U0001f504 Transforming data for Snowflake schema...
2025-02-09 16:01:26,240 - ERROR - \u274c Transformation failed: "['lastSalePrice', 'lastSaleDate'] not in index"
2025-02-09 16:01:26,240 - INFO - \U0001f4e4 Loading data from data/PropertyRecords.json into PostgreSQL...
2025-02-09 16:01:26,296 - ERROR - \u274c Failed to load data: null value in column "id" of relation "location_table" violates not-null constraint
DETAIL:  Failing row contains (null, null, Boston, MA, 02125, 42.317242, -71.041321).

2025-02-09 16:01:26,296 - INFO - \u2705 ETL Pipeline Completed Successfully!
2025-02-09 16:06:12,798 - INFO - \U0001f680 Starting ETL Pipeline...
2025-02-09 16:06:12,798 - INFO - \U0001f50d Extracting data from data/PropertyRecords.json...
2025-02-09 16:06:12,802 - INFO - \u2705 Successfully extracted 500 records.
2025-02-09 16:06:12,803 - INFO - \U0001f504 Transforming data for Snowflake schema...
2025-02-09 16:06:12,808 - ERROR - \u274c Transformation failed: "None of [Index(['agentName', 'agencyName', 'agentPhone', 'agentEmail'], dtype='object')] are in the [columns]"
2025-02-09 16:06:12,808 - INFO - \U0001f4e4 Loading data from data/PropertyRecords.json into PostgreSQL...
2025-02-09 16:06:12,846 - ERROR - \u274c Failed to load data: null value in column "id" of relation "location_table" violates not-null constraint
DETAIL:  Failing row contains (null, null, Newport News, VA, 23606, 37.085732, -76.50531).

2025-02-09 16:06:12,847 - INFO - \u2705 ETL Pipeline Completed Successfully!
2025-02-09 20:33:36,220 - INFO - \u2705 Successfully extracted 500 records from data/PropertyRecords.json
2025-02-09 20:33:36,231 - ERROR - \u274c Error in transformation: "['lotsize', 'status', 'createdDate', 'price', 'listedDate'] not in index"
2025-02-09 20:42:13,426 - INFO - \u2705 Successfully extracted 500 records from data/PropertyRecords.json
2025-02-09 20:42:13,427 - ERROR - \u274c Error in transformation: "['lotsize', 'status', 'createdDate', 'price', 'listedDate'] not in index"
2025-02-09 20:43:42,535 - INFO - \u2705 Successfully extracted 500 records from data/PropertyRecords.json
2025-02-09 20:43:42,537 - ERROR - \u274c Error in transformation: "['lotsize', 'status', 'createdDate', 'price', 'listedDate'] not in index"
2025-02-09 20:45:25,276 - INFO - \u2705 Successfully extracted 500 records from data/PropertyRecords.json
2025-02-09 20:45:25,277 - ERROR - \u274c Error in transformation: "['lotsize', 'status', 'createdDate', 'price', 'listedDate'] not in index"
2025-02-09 20:47:59,797 - INFO - \u2705 Successfully extracted 500 records from data/PropertyRecords.json
2025-02-09 20:47:59,798 - ERROR - \u274c Error in transformation: "['lotsize', 'status', 'createdDate', 'price', 'listedDate'] not in index"
2025-02-09 20:49:53,201 - INFO - \u2705 Successfully extracted 500 records from data/PropertyRecords.json
2025-02-09 20:49:53,203 - ERROR - \u274c Error in transformation: "['lotsize', 'status', 'createdDate', 'price', 'listedDate'] not in index"
2025-02-09 20:52:59,389 - INFO - \u2705 Successfully extracted 500 records from data/PropertyRecords.json
2025-02-09 20:52:59,393 - ERROR - \u274c Error in transformation: "['lotsize', 'status', 'createdDate', 'price', 'listedDate'] not in index"
2025-02-09 20:54:04,899 - INFO - \u2705 Successfully extracted 500 records from data/PropertyRecords.json
2025-02-09 23:30:29,981 - INFO - \u2705 Successfully extracted 500 records from data/PropertyRecords.json
2025-02-09 23:30:29,988 - ERROR - \u274c Error in transformation: "['lotsize', 'status', 'createdDate', 'price', 'listedDate'] not in index"
2025-02-09 23:36:13,478 - INFO - \u2705 Successfully extracted 500 records from data/PropertyRecords.json
2025-02-09 23:36:13,480 - ERROR - \u274c Error in transformation: "['lotsize', 'status', 'createdDate', 'price', 'listedDate'] not in index"
2025-02-10 22:25:48,118 - INFO - \u2705 Successfully extracted 500 records from data/PropertyRecords.json
2025-02-10 22:25:48,129 - ERROR - \u274c Error in transformation: "['lotsize', 'status', 'createdDate', 'price', 'listedDate'] not in index"
2025-02-10 22:35:44,349 - INFO - \u2705 Successfully extracted 500 records from data/PropertyRecords.json
2025-02-10 22:35:44,351 - ERROR - \u274c Error in transformation: "['lotsize', 'status', 'createdDate', 'price', 'listedDate'] not in index"
2025-02-12 20:24:21,902 - INFO - \u2705 Successfully extracted 500 records from data/PropertyRecords.json
2025-02-12 20:24:21,925 - ERROR - \u274c Error in transformation: "['lotsize', 'status', 'createdDate', 'price', 'listedDate'] not in index"
2025-02-12 20:33:39,661 - INFO - \u2705 Successfully extracted 500 records from data/PropertyRecords.json
2025-02-12 20:33:39,663 - ERROR - \u274c Error in transformation: "['lotsize', 'status', 'createdDate', 'price', 'listedDate'] not in index"
2025-02-12 20:35:46,477 - INFO - \u2705 Successfully extracted 500 records from data/PropertyRecords.json
2025-02-12 20:35:46,479 - ERROR - \u274c Error in transformation: "['lotsize', 'status', 'createdDate', 'price', 'listedDate'] not in index"
2025-02-12 20:38:19,840 - INFO - \u2705 Successfully extracted 500 records from data/PropertyRecords.json
2025-02-12 20:38:19,842 - ERROR - \u274c Error in transformation: "['lotsize', 'status', 'createdDate', 'price', 'listedDate'] not in index"
2025-02-12 20:40:15,400 - INFO - \u2705 Successfully extracted 500 records from data/PropertyRecords.json
2025-02-12 20:40:15,401 - ERROR - \u274c Error in transformation: "['lotsize', 'status', 'createdDate', 'price', 'listedDate'] not in index"
2025-02-12 20:42:31,124 - INFO - \u2705 Successfully extracted 500 records from data/PropertyRecords.json
2025-02-12 20:42:31,126 - ERROR - \u274c Error in transformation: "['lotsize', 'status', 'createdDate', 'price', 'listedDate'] not in index"
2025-02-12 20:42:55,354 - INFO - \u2705 Successfully extracted 500 records from data/PropertyRecords.json
2025-02-12 20:42:55,356 - ERROR - \u274c Error in transformation: "['lotsize', 'status', 'createdDate', 'price', 'listedDate'] not in index"
